

Microchip MPLAB XC8 Assembler V2.31 build 20201012212115 
                                                                                               Wed Mar 17 21:58:21 2021

Microchip MPLAB XC8 C Compiler v2.31 (Free license) build 20201012212115 Og1 
     1                           	processor	18F46K22
     2                           	fnconf	rparam,??,?,0
     3                           	pagewidth 120
     4                           	opt	flic
     5                           	psect	cinit,global,reloc=2,class=CODE,delta=1
     6                           	psect	cstackCOMRAM,global,class=COMRAM,space=1,delta=1,lowdata,noexec
     7                           	psect	text0,global,reloc=2,class=CODE,delta=1
     8                           	psect	text1,global,reloc=2,class=CODE,delta=1
     9                           	psect	text2,global,reloc=2,class=CODE,delta=1
    10                           	psect	text3,global,reloc=2,class=CODE,delta=1
    11                           	psect	intsave_regs,global,class=BIGRAM,space=1,delta=1,noexec
    12                           	psect	rparam,global,class=COMRAM,space=1,delta=1,noexec
    13                           	psect	idloc,global,abs,ovrld,class=IDLOC,space=5,delta=1,noexec
    14                           	psect	config,global,abs,ovrld,class=CONFIG,space=4,delta=1,noexec
    15  0000                     
    16                           ; Version 2.20
    17                           ; Generated 05/05/2020 GMT
    18                           ; 
    19                           ; Copyright © 2020, Microchip Technology Inc. and its subsidiaries ("Microchip")
    20                           ; All rights reserved.
    21                           ; 
    22                           ; This software is developed by Microchip Technology Inc. and its subsidiaries ("Microch
      +                          ip").
    23                           ; 
    24                           ; Redistribution and use in source and binary forms, with or without modification, are
    25                           ; permitted provided that the following conditions are met:
    26                           ; 
    27                           ;     1. Redistributions of source code must retain the above copyright notice, this lis
      +                          t of
    28                           ;        conditions and the following disclaimer.
    29                           ; 
    30                           ;     2. Redistributions in binary form must reproduce the above copyright notice, this 
      +                          list
    31                           ;        of conditions and the following disclaimer in the documentation and/or other
    32                           ;        materials provided with the distribution.
    33                           ; 
    34                           ;     3. Microchip's name may not be used to endorse or promote products derived from th
      +                          is
    35                           ;        software without specific prior written permission.
    36                           ; 
    37                           ; THIS SOFTWARE IS PROVIDED BY MICROCHIP "AS IS" AND ANY EXPRESS OR IMPLIED WARRANTIES,
    38                           ; INCLUDING, BUT NOT LIMITED TO, THE IMPLIED WARRANTIES OF MERCHANTABILITY AND FITNESS F
      +                          OR
    39                           ; PURPOSE ARE DISCLAIMED.  IN NO EVENT SHALL MICROCHIP BE LIABLE FOR ANY DIRECT, INDIREC
      +                          T,
    40                           ; INCIDENTAL, SPECIAL, EXEMPLARY, OR CONSEQUENTIAL DAMAGES (INCLUDING BUT NOT LIMITED TO
    41                           ; PROCUREMENT OF SUBSTITUTE GOODS OR SERVICES; LOSS OF USE, DATA OR PROFITS; OR BUSINESS
    42                           ; INTERRUPTION) HOWSOEVER CAUSED AND ON ANY THEORY OF LIABILITY, WHETHER IN CONTRACT, ST
      +                          RICT
    43                           ; LIABILITY, OR TORT (INCLUDING NEGLIGENCE OR OTHERWISE) ARISING IN ANY WAY OUT OF THE U
      +                          SE OF
    44                           ; THIS SOFTWARE, EVEN IF ADVISED OF THE POSSIBILITY OF SUCH DAMAGE.
    45                           ; 
    46                           ; 
    47                           ; Code-generator required, PIC18F46K22 Definitions
    48                           ; 
    49                           ; SFR Addresses
    50  0000                     _ANSELA	set	3896
    51  0000                     _ANSELE	set	3900
    52  0000                     _ANSELB	set	3897
    53  0000                     _ANSELC	set	3898
    54  0000                     _ANSELD	set	3899
    55  0000                     _LATDbits	set	3980
    56  0000                     _PORTBbits	set	3969
    57  0000                     _OSCTUNE	set	3995
    58  0000                     _OSCCON2	set	4050
    59  0000                     _OSCCON	set	4051
    60  0000                     _INTCONbits	set	4082
    61  0000                     _INTCON2bits	set	4081
    62  0000                     _WPUB	set	3937
    63  0000                     _TRISD	set	3989
    64  0000                     _TRISC	set	3988
    65  0000                     _TRISB	set	3987
    66  0000                     _TRISA	set	3986
    67  0000                     _TRISE	set	3990
    68  0000                     _LATC	set	3979
    69  0000                     _LATB	set	3978
    70  0000                     _LATA	set	3977
    71  0000                     _LATD	set	3980
    72  0000                     _LATE	set	3981
    73                           
    74                           ; #config settings
    75                           
    76                           	psect	cinit
    77  00FED6                     __pcinit:
    78                           	callstack 0
    79  00FED6                     start_initialization:
    80                           	callstack 0
    81  00FED6                     __initialization:
    82                           	callstack 0
    83  00FED6                     end_of_initialization:
    84                           	callstack 0
    85  00FED6                     __end_of__initialization:
    86                           	callstack 0
    87  00FED6  0100               	movlb	0
    88  00FED8  EF9A  F07F         	goto	_main	;jump to C main() function
    89                           
    90                           	psect	cstackCOMRAM
    91  000001                     __pcstackCOMRAM:
    92                           	callstack 0
    93  000001                     ??_main:
    94                           
    95                           ; 1 bytes @ 0x0
    96  000001                     	ds	1
    97  000002                     main@anterior:
    98                           	callstack 0
    99                           
   100                           ; 1 bytes @ 0x1
   101  000002                     	ds	1
   102  000003                     main@estado:
   103                           	callstack 0
   104                           
   105                           ; 1 bytes @ 0x2
   106  000003                     	ds	1
   107                           
   108 ;;
   109 ;;Main: autosize = 0, tempsize = 1, incstack = 0, save=0
   110 ;;
   111 ;; *************** function _main *****************
   112 ;; Defined at:
   113 ;;		line 3 in file "main.c"
   114 ;; Parameters:    Size  Location     Type
   115 ;;		None
   116 ;; Auto vars:     Size  Location     Type
   117 ;;  estado          1    2[COMRAM] _Bool 
   118 ;;  anterior        1    1[COMRAM] _Bool 
   119 ;; Return value:  Size  Location     Type
   120 ;;                  1    wreg      void 
   121 ;; Registers used:
   122 ;;		wreg, status,2, status,0, cstack
   123 ;; Tracked objects:
   124 ;;		On entry : 0/0
   125 ;;		On exit  : 0/0
   126 ;;		Unchanged: 0/0
   127 ;; Data sizes:     COMRAM   BANK0   BANK1   BANK2   BANK3   BANK4   BANK5   BANK6   BANK7   BANK8   BANK9  BANK10  BANK1
      +1  BANK12  BANK13  BANK14  BANK15
   128 ;;      Params:         0       0       0       0       0       0       0       0       0       0       0       0       
      +0       0       0       0       0
   129 ;;      Locals:         2       0       0       0       0       0       0       0       0       0       0       0       
      +0       0       0       0       0
   130 ;;      Temps:          1       0       0       0       0       0       0       0       0       0       0       0       
      +0       0       0       0       0
   131 ;;      Totals:         3       0       0       0       0       0       0       0       0       0       0       0       
      +0       0       0       0       0
   132 ;;Total ram usage:        3 bytes
   133 ;; Hardware stack levels required when called:    2
   134 ;; This function calls:
   135 ;;		_SYSTEM_Initialize
   136 ;; This function is called by:
   137 ;;		Startup code after reset
   138 ;; This function uses a non-reentrant model
   139 ;;
   140                           
   141                           	psect	text0
   142  00FF34                     __ptext0:
   143                           	callstack 0
   144  00FF34                     _main:
   145                           	callstack 29
   146  00FF34                     
   147                           ;main.c: 6:     SYSTEM_Initialize();
   148  00FF34  EC6E  F07F         	call	_SYSTEM_Initialize	;wreg free
   149  00FF38                     l777:
   150                           
   151                           ;main.c: 8:     _Bool anterior = 1;
   152  00FF38  0E01               	movlw	1
   153  00FF3A  6E02               	movwf	main@anterior^0,c
   154  00FF3C                     l779:
   155                           
   156                           ;main.c: 25:     {;main.c: 26:         estado = PORTBbits.RB0;
   157  00FF3C  B081               	btfsc	129,0,c	;volatile
   158  00FF3E  EFA3  F07F         	goto	u11
   159  00FF42  EFA6  F07F         	goto	u10
   160  00FF46                     u11:
   161  00FF46  0E01               	movlw	1
   162  00FF48  EFA7  F07F         	goto	u16
   163  00FF4C                     u10:
   164  00FF4C  0E00               	movlw	0
   165  00FF4E                     u16:
   166  00FF4E  6E03               	movwf	main@estado^0,c
   167  00FF50                     
   168                           ;main.c: 27:         if(estado == 0 && anterior == 1){
   169  00FF50  5003               	movf	main@estado^0,w,c
   170  00FF52  A4D8               	btfss	status,2,c
   171  00FF54  EFAE  F07F         	goto	u21
   172  00FF58  EFB0  F07F         	goto	u20
   173  00FF5C                     u21:
   174  00FF5C  EFDB  F07F         	goto	l793
   175  00FF60                     u20:
   176  00FF60  0402               	decf	main@anterior^0,w,c
   177  00FF62  A4D8               	btfss	status,2,c
   178  00FF64  EFB6  F07F         	goto	u31
   179  00FF68  EFB8  F07F         	goto	u30
   180  00FF6C                     u31:
   181  00FF6C  EFDB  F07F         	goto	l793
   182  00FF70                     u30:
   183  00FF70                     
   184                           ;main.c: 28:             _delay((unsigned long)((5)*(8000000/4000.0)));
   185  00FF70  0E0D               	movlw	13
   186  00FF72  6E01               	movwf	??_main^0,c
   187  00FF74  0EFC               	movlw	252
   188  00FF76                     u97:
   189  00FF76  2EE8               	decfsz	wreg,f,c
   190  00FF78  D7FE               	bra	u97
   191  00FF7A  2E01               	decfsz	??_main^0,f,c
   192  00FF7C  D7FC               	bra	u97
   193  00FF7E                     
   194                           ;main.c: 29:             if(estado == 0){
   195  00FF7E  5003               	movf	main@estado^0,w,c
   196  00FF80  A4D8               	btfss	status,2,c
   197  00FF82  EFC5  F07F         	goto	u41
   198  00FF86  EFC7  F07F         	goto	u40
   199  00FF8A                     u41:
   200  00FF8A  EF9E  F07F         	goto	l779
   201  00FF8E                     u40:
   202  00FF8E  B08C               	btfsc	140,0,c	;volatile
   203  00FF90  EFCC  F07F         	goto	u51
   204  00FF94  EFCF  F07F         	goto	u50
   205  00FF98                     u51:
   206  00FF98  0E01               	movlw	1
   207  00FF9A  EFD0  F07F         	goto	u56
   208  00FF9E                     u50:
   209  00FF9E  0E00               	movlw	0
   210  00FFA0                     u56:
   211  00FFA0  0AFF               	xorlw	255
   212  00FFA2  6E01               	movwf	??_main^0,c
   213  00FFA4  508C               	movf	140,w,c	;volatile
   214  00FFA6  1801               	xorwf	??_main^0,w,c
   215  00FFA8  0BFE               	andlw	-2
   216  00FFAA  1801               	xorwf	??_main^0,w,c
   217  00FFAC  6E8C               	movwf	140,c	;volatile
   218  00FFAE                     
   219                           ;main.c: 31:                 anterior = 0;
   220  00FFAE  0E00               	movlw	0
   221  00FFB0  6E02               	movwf	main@anterior^0,c
   222  00FFB2  EF9E  F07F         	goto	l779
   223  00FFB6                     l793:
   224  00FFB6  0403               	decf	main@estado^0,w,c
   225  00FFB8  A4D8               	btfss	status,2,c
   226  00FFBA  EFE1  F07F         	goto	u61
   227  00FFBE  EFE3  F07F         	goto	u60
   228  00FFC2                     u61:
   229  00FFC2  EF9E  F07F         	goto	l779
   230  00FFC6                     u60:
   231  00FFC6  5002               	movf	main@anterior^0,w,c
   232  00FFC8  A4D8               	btfss	status,2,c
   233  00FFCA  EFE9  F07F         	goto	u71
   234  00FFCE  EFEB  F07F         	goto	u70
   235  00FFD2                     u71:
   236  00FFD2  EF9E  F07F         	goto	l779
   237  00FFD6                     u70:
   238  00FFD6                     
   239                           ;main.c: 34:             _delay((unsigned long)((5)*(8000000/4000.0)));
   240  00FFD6  0E0D               	movlw	13
   241  00FFD8  6E01               	movwf	??_main^0,c
   242  00FFDA  0EFC               	movlw	252
   243  00FFDC                     u107:
   244  00FFDC  2EE8               	decfsz	wreg,f,c
   245  00FFDE  D7FE               	bra	u107
   246  00FFE0  2E01               	decfsz	??_main^0,f,c
   247  00FFE2  D7FC               	bra	u107
   248  00FFE4                     
   249                           ;main.c: 35:             if(estado == 1)
   250  00FFE4  0403               	decf	main@estado^0,w,c
   251  00FFE6  A4D8               	btfss	status,2,c
   252  00FFE8  EFF8  F07F         	goto	u81
   253  00FFEC  EFFA  F07F         	goto	u80
   254  00FFF0                     u81:
   255  00FFF0  EFFC  F07F         	goto	l76
   256  00FFF4                     u80:
   257  00FFF4  EF9C  F07F         	goto	l777
   258  00FFF8                     l76:
   259  00FFF8  EF9E  F07F         	goto	l779
   260  00FFFC  EF00  F000         	goto	start
   261  010000                     __end_of_main:
   262                           	callstack 0
   263                           
   264 ;; *************** function _SYSTEM_Initialize *****************
   265 ;; Defined at:
   266 ;;		line 50 in file "mcc_generated_files/mcc.c"
   267 ;; Parameters:    Size  Location     Type
   268 ;;		None
   269 ;; Auto vars:     Size  Location     Type
   270 ;;		None
   271 ;; Return value:  Size  Location     Type
   272 ;;                  1    wreg      void 
   273 ;; Registers used:
   274 ;;		wreg, status,2, cstack
   275 ;; Tracked objects:
   276 ;;		On entry : 0/0
   277 ;;		On exit  : 0/0
   278 ;;		Unchanged: 0/0
   279 ;; Data sizes:     COMRAM   BANK0   BANK1   BANK2   BANK3   BANK4   BANK5   BANK6   BANK7   BANK8   BANK9  BANK10  BANK1
      +1  BANK12  BANK13  BANK14  BANK15
   280 ;;      Params:         0       0       0       0       0       0       0       0       0       0       0       0       
      +0       0       0       0       0
   281 ;;      Locals:         0       0       0       0       0       0       0       0       0       0       0       0       
      +0       0       0       0       0
   282 ;;      Temps:          0       0       0       0       0       0       0       0       0       0       0       0       
      +0       0       0       0       0
   283 ;;      Totals:         0       0       0       0       0       0       0       0       0       0       0       0       
      +0       0       0       0       0
   284 ;;Total ram usage:        0 bytes
   285 ;; Hardware stack levels used:    1
   286 ;; Hardware stack levels required when called:    1
   287 ;; This function calls:
   288 ;;		_OSCILLATOR_Initialize
   289 ;;		_PIN_MANAGER_Initialize
   290 ;; This function is called by:
   291 ;;		_main
   292 ;; This function uses a non-reentrant model
   293 ;;
   294                           
   295                           	psect	text1
   296  00FEDC                     __ptext1:
   297                           	callstack 0
   298  00FEDC                     _SYSTEM_Initialize:
   299                           	callstack 29
   300  00FEDC                     
   301                           ;mcc_generated_files/mcc.c: 53:     PIN_MANAGER_Initialize();
   302  00FEDC  EC7A  F07F         	call	_PIN_MANAGER_Initialize	;wreg free
   303                           
   304                           ;mcc_generated_files/mcc.c: 54:     OSCILLATOR_Initialize();
   305  00FEE0  EC73  F07F         	call	_OSCILLATOR_Initialize	;wreg free
   306  00FEE4  0012               	return		;funcret
   307  00FEE6                     __end_of_SYSTEM_Initialize:
   308                           	callstack 0
   309                           
   310 ;; *************** function _PIN_MANAGER_Initialize *****************
   311 ;; Defined at:
   312 ;;		line 55 in file "mcc_generated_files/pin_manager.c"
   313 ;; Parameters:    Size  Location     Type
   314 ;;		None
   315 ;; Auto vars:     Size  Location     Type
   316 ;;		None
   317 ;; Return value:  Size  Location     Type
   318 ;;                  1    wreg      void 
   319 ;; Registers used:
   320 ;;		wreg, status,2
   321 ;; Tracked objects:
   322 ;;		On entry : 0/0
   323 ;;		On exit  : 0/0
   324 ;;		Unchanged: 0/0
   325 ;; Data sizes:     COMRAM   BANK0   BANK1   BANK2   BANK3   BANK4   BANK5   BANK6   BANK7   BANK8   BANK9  BANK10  BANK1
      +1  BANK12  BANK13  BANK14  BANK15
   326 ;;      Params:         0       0       0       0       0       0       0       0       0       0       0       0       
      +0       0       0       0       0
   327 ;;      Locals:         0       0       0       0       0       0       0       0       0       0       0       0       
      +0       0       0       0       0
   328 ;;      Temps:          0       0       0       0       0       0       0       0       0       0       0       0       
      +0       0       0       0       0
   329 ;;      Totals:         0       0       0       0       0       0       0       0       0       0       0       0       
      +0       0       0       0       0
   330 ;;Total ram usage:        0 bytes
   331 ;; Hardware stack levels used:    1
   332 ;; This function calls:
   333 ;;		Nothing
   334 ;; This function is called by:
   335 ;;		_SYSTEM_Initialize
   336 ;; This function uses a non-reentrant model
   337 ;;
   338                           
   339                           	psect	text2
   340  00FEF4                     __ptext2:
   341                           	callstack 0
   342  00FEF4                     _PIN_MANAGER_Initialize:
   343                           	callstack 29
   344  00FEF4                     
   345                           ;mcc_generated_files/pin_manager.c: 60:     LATE = 0x00;
   346  00FEF4  0E00               	movlw	0
   347  00FEF6  6E8D               	movwf	141,c	;volatile
   348                           
   349                           ;mcc_generated_files/pin_manager.c: 61:     LATD = 0x00;
   350  00FEF8  0E00               	movlw	0
   351  00FEFA  6E8C               	movwf	140,c	;volatile
   352                           
   353                           ;mcc_generated_files/pin_manager.c: 62:     LATA = 0x00;
   354  00FEFC  0E00               	movlw	0
   355  00FEFE  6E89               	movwf	137,c	;volatile
   356                           
   357                           ;mcc_generated_files/pin_manager.c: 63:     LATB = 0x00;
   358  00FF00  0E00               	movlw	0
   359  00FF02  6E8A               	movwf	138,c	;volatile
   360                           
   361                           ;mcc_generated_files/pin_manager.c: 64:     LATC = 0x00;
   362  00FF04  0E00               	movlw	0
   363  00FF06  6E8B               	movwf	139,c	;volatile
   364                           
   365                           ;mcc_generated_files/pin_manager.c: 69:     TRISE = 0x07;
   366  00FF08  0E07               	movlw	7
   367  00FF0A  6E96               	movwf	150,c	;volatile
   368  00FF0C                     
   369                           ;mcc_generated_files/pin_manager.c: 70:     TRISA = 0xFF;
   370  00FF0C  6892               	setf	146,c	;volatile
   371  00FF0E                     
   372                           ;mcc_generated_files/pin_manager.c: 71:     TRISB = 0xFF;
   373  00FF0E  6893               	setf	147,c	;volatile
   374  00FF10                     
   375                           ;mcc_generated_files/pin_manager.c: 72:     TRISC = 0xFF;
   376  00FF10  6894               	setf	148,c	;volatile
   377                           
   378                           ;mcc_generated_files/pin_manager.c: 73:     TRISD = 0xFE;
   379  00FF12  0EFE               	movlw	254
   380  00FF14  6E95               	movwf	149,c	;volatile
   381                           
   382                           ;mcc_generated_files/pin_manager.c: 78:     ANSELD = 0xFE;
   383  00FF16  0EFE               	movlw	254
   384  00FF18  010F               	movlb	15	; () banked
   385  00FF1A  6F3B               	movwf	59,b	;volatile
   386                           
   387                           ;mcc_generated_files/pin_manager.c: 79:     ANSELC = 0xFC;
   388  00FF1C  0EFC               	movlw	252
   389  00FF1E  6F3A               	movwf	58,b	;volatile
   390                           
   391                           ;mcc_generated_files/pin_manager.c: 80:     ANSELB = 0x3E;
   392  00FF20  0E3E               	movlw	62
   393  00FF22  6F39               	movwf	57,b	;volatile
   394                           
   395                           ;mcc_generated_files/pin_manager.c: 81:     ANSELE = 0x07;
   396  00FF24  0E07               	movlw	7
   397  00FF26  6F3C               	movwf	60,b	;volatile
   398                           
   399                           ;mcc_generated_files/pin_manager.c: 82:     ANSELA = 0x2F;
   400  00FF28  0E2F               	movlw	47
   401  00FF2A  6F38               	movwf	56,b	;volatile
   402                           
   403                           ;mcc_generated_files/pin_manager.c: 87:     WPUB = 0x01;
   404  00FF2C  0E01               	movlw	1
   405  00FF2E  6E61               	movwf	97,c	;volatile
   406  00FF30                     
   407                           ; BSR set to: 15
   408                           ;mcc_generated_files/pin_manager.c: 88:     INTCON2bits.nRBPU = 0;
   409  00FF30  9EF1               	bcf	241,7,c	;volatile
   410  00FF32                     
   411                           ; BSR set to: 15
   412  00FF32  0012               	return		;funcret
   413  00FF34                     __end_of_PIN_MANAGER_Initialize:
   414                           	callstack 0
   415                           
   416 ;; *************** function _OSCILLATOR_Initialize *****************
   417 ;; Defined at:
   418 ;;		line 57 in file "mcc_generated_files/mcc.c"
   419 ;; Parameters:    Size  Location     Type
   420 ;;		None
   421 ;; Auto vars:     Size  Location     Type
   422 ;;		None
   423 ;; Return value:  Size  Location     Type
   424 ;;                  1    wreg      void 
   425 ;; Registers used:
   426 ;;		wreg, status,2
   427 ;; Tracked objects:
   428 ;;		On entry : 0/0
   429 ;;		On exit  : 0/0
   430 ;;		Unchanged: 0/0
   431 ;; Data sizes:     COMRAM   BANK0   BANK1   BANK2   BANK3   BANK4   BANK5   BANK6   BANK7   BANK8   BANK9  BANK10  BANK1
      +1  BANK12  BANK13  BANK14  BANK15
   432 ;;      Params:         0       0       0       0       0       0       0       0       0       0       0       0       
      +0       0       0       0       0
   433 ;;      Locals:         0       0       0       0       0       0       0       0       0       0       0       0       
      +0       0       0       0       0
   434 ;;      Temps:          0       0       0       0       0       0       0       0       0       0       0       0       
      +0       0       0       0       0
   435 ;;      Totals:         0       0       0       0       0       0       0       0       0       0       0       0       
      +0       0       0       0       0
   436 ;;Total ram usage:        0 bytes
   437 ;; Hardware stack levels used:    1
   438 ;; This function calls:
   439 ;;		Nothing
   440 ;; This function is called by:
   441 ;;		_SYSTEM_Initialize
   442 ;; This function uses a non-reentrant model
   443 ;;
   444                           
   445                           	psect	text3
   446  00FEE6                     __ptext3:
   447                           	callstack 0
   448  00FEE6                     _OSCILLATOR_Initialize:
   449                           	callstack 29
   450  00FEE6                     
   451                           ;mcc_generated_files/mcc.c: 60:     OSCCON = 0x62;
   452  00FEE6  0E62               	movlw	98
   453  00FEE8  6ED3               	movwf	211,c	;volatile
   454                           
   455                           ;mcc_generated_files/mcc.c: 62:     OSCCON2 = 0x04;
   456  00FEEA  0E04               	movlw	4
   457  00FEEC  6ED2               	movwf	210,c	;volatile
   458                           
   459                           ;mcc_generated_files/mcc.c: 64:     OSCTUNE = 0x00;
   460  00FEEE  0E00               	movlw	0
   461  00FEF0  6E9B               	movwf	155,c	;volatile
   462  00FEF2  0012               	return		;funcret
   463  00FEF4                     __end_of_OSCILLATOR_Initialize:
   464                           	callstack 0
   465  0000                     
   466                           	psect	rparam
   467  0000                     
   468                           	psect	idloc
   469                           
   470                           ;Config register IDLOC0 @ 0x200000
   471                           ;	unspecified, using default values
   472  200000                     	org	2097152
   473  200000  FF                 	db	255
   474                           
   475                           ;Config register IDLOC1 @ 0x200001
   476                           ;	unspecified, using default values
   477  200001                     	org	2097153
   478  200001  FF                 	db	255
   479                           
   480                           ;Config register IDLOC2 @ 0x200002
   481                           ;	unspecified, using default values
   482  200002                     	org	2097154
   483  200002  FF                 	db	255
   484                           
   485                           ;Config register IDLOC3 @ 0x200003
   486                           ;	unspecified, using default values
   487  200003                     	org	2097155
   488  200003  FF                 	db	255
   489                           
   490                           ;Config register IDLOC4 @ 0x200004
   491                           ;	unspecified, using default values
   492  200004                     	org	2097156
   493  200004  FF                 	db	255
   494                           
   495                           ;Config register IDLOC5 @ 0x200005
   496                           ;	unspecified, using default values
   497  200005                     	org	2097157
   498  200005  FF                 	db	255
   499                           
   500                           ;Config register IDLOC6 @ 0x200006
   501                           ;	unspecified, using default values
   502  200006                     	org	2097158
   503  200006  FF                 	db	255
   504                           
   505                           ;Config register IDLOC7 @ 0x200007
   506                           ;	unspecified, using default values
   507  200007                     	org	2097159
   508  200007  FF                 	db	255
   509                           
   510                           	psect	config
   511                           
   512                           ; Padding undefined space
   513  300000                     	org	3145728
   514  300000  FF                 	db	255
   515                           
   516                           ;Config register CONFIG1H @ 0x300001
   517                           ;	Oscillator Selection bits
   518                           ;	FOSC = INTIO67, Internal oscillator block
   519                           ;	4X PLL Enable
   520                           ;	PLLCFG = OFF, Oscillator used directly
   521                           ;	Primary clock enable bit
   522                           ;	PRICLKEN = ON, Primary clock is always enabled
   523                           ;	Fail-Safe Clock Monitor Enable bit
   524                           ;	FCMEN = OFF, Fail-Safe Clock Monitor disabled
   525                           ;	Internal/External Oscillator Switchover bit
   526                           ;	IESO = OFF, Oscillator Switchover mode disabled
   527  300001                     	org	3145729
   528  300001  28                 	db	40
   529                           
   530                           ;Config register CONFIG2L @ 0x300002
   531                           ;	Power-up Timer Enable bit
   532                           ;	PWRTEN = ON, Power up timer enabled
   533                           ;	Brown-out Reset Enable bits
   534                           ;	BOREN = SBORDIS, Brown-out Reset enabled in hardware only (SBOREN is disabled)
   535                           ;	Brown Out Reset Voltage bits
   536                           ;	BORV = 190, VBOR set to 1.90 V nominal
   537  300002                     	org	3145730
   538  300002  1E                 	db	30
   539                           
   540                           ;Config register CONFIG2H @ 0x300003
   541                           ;	Watchdog Timer Enable bits
   542                           ;	WDTEN = OFF, Watch dog timer is always disabled. SWDTEN has no effect.
   543                           ;	Watchdog Timer Postscale Select bits
   544                           ;	WDTPS = 32768, 1:32768
   545  300003                     	org	3145731
   546  300003  3C                 	db	60
   547                           
   548                           ; Padding undefined space
   549  300004                     	org	3145732
   550  300004  FF                 	db	255
   551                           
   552                           ;Config register CONFIG3H @ 0x300005
   553                           ;	CCP2 MUX bit
   554                           ;	CCP2MX = PORTC1, CCP2 input/output is multiplexed with RC1
   555                           ;	PORTB A/D Enable bit
   556                           ;	PBADEN = OFF, PORTB<5:0> pins are configured as digital I/O on Reset
   557                           ;	P3A/CCP3 Mux bit
   558                           ;	CCP3MX = PORTB5, P3A/CCP3 input/output is multiplexed with RB5
   559                           ;	HFINTOSC Fast Start-up
   560                           ;	HFOFST = ON, HFINTOSC output and ready status are not delayed by the oscillator stable
      +                           status
   561                           ;	Timer3 Clock input mux bit
   562                           ;	T3CMX = PORTC0, T3CKI is on RC0
   563                           ;	ECCP2 B output mux bit
   564                           ;	P2BMX = PORTD2, P2B is on RD2
   565                           ;	MCLR Pin Enable bit
   566                           ;	MCLRE = EXTMCLR, MCLR pin enabled, RE3 input pin disabled
   567  300005                     	org	3145733
   568  300005  BD                 	db	189
   569                           
   570                           ;Config register CONFIG4L @ 0x300006
   571                           ;	Stack Full/Underflow Reset Enable bit
   572                           ;	STVREN = ON, Stack full/underflow will cause Reset
   573                           ;	Single-Supply ICSP Enable bit
   574                           ;	LVP = OFF, Single-Supply ICSP disabled
   575                           ;	Extended Instruction Set Enable bit
   576                           ;	XINST = OFF, Instruction set extension and Indexed Addressing mode disabled (Legacy mo
      +                          de)
   577                           ;	Background Debug
   578                           ;	DEBUG = OFF, Disabled
   579  300006                     	org	3145734
   580  300006  81                 	db	129
   581                           
   582                           ; Padding undefined space
   583  300007                     	org	3145735
   584  300007  FF                 	db	255
   585                           
   586                           ;Config register CONFIG5L @ 0x300008
   587                           ;	Code Protection Block 0
   588                           ;	CP0 = OFF, Block 0 (000800-003FFFh) not code-protected
   589                           ;	Code Protection Block 1
   590                           ;	CP1 = OFF, Block 1 (004000-007FFFh) not code-protected
   591                           ;	Code Protection Block 2
   592                           ;	CP2 = OFF, Block 2 (008000-00BFFFh) not code-protected
   593                           ;	Code Protection Block 3
   594                           ;	CP3 = OFF, Block 3 (00C000-00FFFFh) not code-protected
   595  300008                     	org	3145736
   596  300008  0F                 	db	15
   597                           
   598                           ;Config register CONFIG5H @ 0x300009
   599                           ;	Boot Block Code Protection bit
   600                           ;	CPB = OFF, Boot block (000000-0007FFh) not code-protected
   601                           ;	Data EEPROM Code Protection bit
   602                           ;	CPD = OFF, Data EEPROM not code-protected
   603  300009                     	org	3145737
   604  300009  C0                 	db	192
   605                           
   606                           ;Config register CONFIG6L @ 0x30000A
   607                           ;	Write Protection Block 0
   608                           ;	WRT0 = OFF, Block 0 (000800-003FFFh) not write-protected
   609                           ;	Write Protection Block 1
   610                           ;	WRT1 = OFF, Block 1 (004000-007FFFh) not write-protected
   611                           ;	Write Protection Block 2
   612                           ;	WRT2 = OFF, Block 2 (008000-00BFFFh) not write-protected
   613                           ;	Write Protection Block 3
   614                           ;	WRT3 = OFF, Block 3 (00C000-00FFFFh) not write-protected
   615  30000A                     	org	3145738
   616  30000A  0F                 	db	15
   617                           
   618                           ;Config register CONFIG6H @ 0x30000B
   619                           ;	Configuration Register Write Protection bit
   620                           ;	WRTC = OFF, Configuration registers (300000-3000FFh) not write-protected
   621                           ;	Boot Block Write Protection bit
   622                           ;	WRTB = OFF, Boot Block (000000-0007FFh) not write-protected
   623                           ;	Data EEPROM Write Protection bit
   624                           ;	WRTD = OFF, Data EEPROM not write-protected
   625  30000B                     	org	3145739
   626  30000B  E0                 	db	224
   627                           
   628                           ;Config register CONFIG7L @ 0x30000C
   629                           ;	Table Read Protection Block 0
   630                           ;	EBTR0 = OFF, Block 0 (000800-003FFFh) not protected from table reads executed in other
      +                           blocks
   631                           ;	Table Read Protection Block 1
   632                           ;	EBTR1 = OFF, Block 1 (004000-007FFFh) not protected from table reads executed in other
      +                           blocks
   633                           ;	Table Read Protection Block 2
   634                           ;	EBTR2 = OFF, Block 2 (008000-00BFFFh) not protected from table reads executed in other
      +                           blocks
   635                           ;	Table Read Protection Block 3
   636                           ;	EBTR3 = OFF, Block 3 (00C000-00FFFFh) not protected from table reads executed in other
      +                           blocks
   637  30000C                     	org	3145740
   638  30000C  0F                 	db	15
   639                           
   640                           ;Config register CONFIG7H @ 0x30000D
   641                           ;	Boot Block Table Read Protection bit
   642                           ;	EBTRB = OFF, Boot Block (000000-0007FFh) not protected from table reads executed in ot
      +                          her blocks
   643  30000D                     	org	3145741
   644  30000D  40                 	db	64
   645                           tosu	equ	0xFFF
   646                           tosh	equ	0xFFE
   647                           tosl	equ	0xFFD
   648                           stkptr	equ	0xFFC
   649                           pclatu	equ	0xFFB
   650                           pclath	equ	0xFFA
   651                           pcl	equ	0xFF9
   652                           tblptru	equ	0xFF8
   653                           tblptrh	equ	0xFF7
   654                           tblptrl	equ	0xFF6
   655                           tablat	equ	0xFF5
   656                           prodh	equ	0xFF4
   657                           prodl	equ	0xFF3
   658                           indf0	equ	0xFEF
   659                           postinc0	equ	0xFEE
   660                           postdec0	equ	0xFED
   661                           preinc0	equ	0xFEC
   662                           plusw0	equ	0xFEB
   663                           fsr0h	equ	0xFEA
   664                           fsr0l	equ	0xFE9
   665                           wreg	equ	0xFE8
   666                           indf1	equ	0xFE7
   667                           postinc1	equ	0xFE6
   668                           postdec1	equ	0xFE5
   669                           preinc1	equ	0xFE4
   670                           plusw1	equ	0xFE3
   671                           fsr1h	equ	0xFE2
   672                           fsr1l	equ	0xFE1
   673                           bsr	equ	0xFE0
   674                           indf2	equ	0xFDF
   675                           postinc2	equ	0xFDE
   676                           postdec2	equ	0xFDD
   677                           preinc2	equ	0xFDC
   678                           plusw2	equ	0xFDB
   679                           fsr2h	equ	0xFDA
   680                           fsr2l	equ	0xFD9
   681                           status	equ	0xFD8

Data Sizes:
    Strings     0
    Constant    0
    Data        0
    BSS         0
    Persistent  0
    Stack       0

Auto Spaces:
    Space          Size  Autos    Used
    COMRAM           95      3       3
    BANK0           160      0       0
    BANK1           256      0       0
    BANK2           256      0       0
    BANK3           256      0       0
    BANK4           256      0       0
    BANK5           256      0       0
    BANK6           256      0       0
    BANK7           256      0       0
    BANK8           256      0       0
    BANK9           256      0       0
    BANK10          256      0       0
    BANK11          256      0       0
    BANK12          256      0       0
    BANK13          256      0       0
    BANK14          256      0       0
    BANK15           56      0       0

Pointer List with Targets:

    None.

Critical Paths under _main in COMRAM

    None.

Critical Paths under _main in BANK0

    None.

Critical Paths under _main in BANK1

    None.

Critical Paths under _main in BANK2

    None.

Critical Paths under _main in BANK3

    None.

Critical Paths under _main in BANK4

    None.

Critical Paths under _main in BANK5

    None.

Critical Paths under _main in BANK6

    None.

Critical Paths under _main in BANK7

    None.

Critical Paths under _main in BANK8

    None.

Critical Paths under _main in BANK9

    None.

Critical Paths under _main in BANK10

    None.

Critical Paths under _main in BANK11

    None.

Critical Paths under _main in BANK12

    None.

Critical Paths under _main in BANK13

    None.

Critical Paths under _main in BANK14

    None.

Critical Paths under _main in BANK15

    None.

Call Graph Tables:

 ---------------------------------------------------------------------------------
 (Depth) Function   	        Calls       Base Space   Used Autos Params    Refs
 ---------------------------------------------------------------------------------
 (0) _main                                                 3     3      0      90
                                              0 COMRAM     3     3      0
                  _SYSTEM_Initialize
 ---------------------------------------------------------------------------------
 (1) _SYSTEM_Initialize                                    0     0      0       0
              _OSCILLATOR_Initialize
             _PIN_MANAGER_Initialize
 ---------------------------------------------------------------------------------
 (2) _PIN_MANAGER_Initialize                               0     0      0       0
 ---------------------------------------------------------------------------------
 (2) _OSCILLATOR_Initialize                                0     0      0       0
 ---------------------------------------------------------------------------------
 Estimated maximum stack depth 2
 ---------------------------------------------------------------------------------

 Call Graph Graphs:

 _main (ROOT)
   _SYSTEM_Initialize
     _OSCILLATOR_Initialize
     _PIN_MANAGER_Initialize

 Address spaces:
Name               Size   Autos  Total    Cost      Usage
BITCOMRAM           5F      0       0       0        0.0%
EEDATA             400      0       0       0        0.0%
NULL                 0      0       0       0        0.0%
CODE                 0      0       0       0        0.0%
COMRAM              5F      3       3       1        3.2%
STACK                0      0       0       2        0.0%
DATA                 0      0       0       3        0.0%
BITBANK0            A0      0       0       4        0.0%
BANK0               A0      0       0       5        0.0%
BITBANK1           100      0       0       6        0.0%
BANK1              100      0       0       7        0.0%
BITBANK2           100      0       0       8        0.0%
BANK2              100      0       0       9        0.0%
BITBANK3           100      0       0      10        0.0%
BANK3              100      0       0      11        0.0%
ABS                  0      0       0      12        0.0%
BITBANK4           100      0       0      13        0.0%
BANK4              100      0       0      14        0.0%
BITBANK5           100      0       0      15        0.0%
BANK5              100      0       0      16        0.0%
BITBANK6           100      0       0      17        0.0%
BANK6              100      0       0      18        0.0%
BITBANK7           100      0       0      19        0.0%
BANK7              100      0       0      20        0.0%
BITBANK8           100      0       0      21        0.0%
BANK8              100      0       0      22        0.0%
BITBANK9           100      0       0      23        0.0%
BANK9              100      0       0      24        0.0%
BITBANK10          100      0       0      25        0.0%
BANK10             100      0       0      26        0.0%
BITBANK11          100      0       0      27        0.0%
BANK11             100      0       0      28        0.0%
BITBANK12          100      0       0      29        0.0%
BANK12             100      0       0      30        0.0%
BITBANK13          100      0       0      31        0.0%
BANK13             100      0       0      32        0.0%
BITBANK14          100      0       0      33        0.0%
BANK14             100      0       0      34        0.0%
BITBANK15           38      0       0      35        0.0%
BANK15              38      0       0      36        0.0%
BIGRAM             F37      0       0      37        0.0%
BITSFR_1             0      0       0     200        0.0%
SFR_1                0      0       0     200        0.0%
BITSFR               0      0       0     200        0.0%
SFR                  0      0       0     200        0.0%


Microchip Technology PIC18 Macro Assembler V2.31 build 20201012212115 
Symbol Table                                                                                   Wed Mar 17 21:58:21 2021

                             l39 FF32                               l55 FEE4  
                             l58 FEF2                               l76 FFF8  
                             u10 FF4C                               u11 FF46  
                             u20 FF60                               u21 FF5C  
                             u30 FF70                               u31 FF6C  
                             u40 FF8E                               u16 FF4E  
                             u41 FF8A                               u50 FF9E  
                             u51 FF98                               u60 FFC6  
                             u61 FFC2                               u70 FFD6  
                             u71 FFD2                               u80 FFF4  
                             u56 FFA0                               u81 FFF0  
                             u97 FF76                              l761 FF0E  
                            l763 FF10                              l765 FF30  
                            l757 FEF4                              l781 FF50  
                            l773 FF34                              l767 FEE6  
                            l759 FF0C                              l791 FFAE  
                            l783 FF60                              l775 FF38  
                            l769 FEDC                              l785 FF70  
                            l793 FFB6                              l777 FF38  
                            l795 FFC6                              l787 FF7E  
                            l779 FF3C                              l797 FFD6  
                            l789 FF8E                              l799 FFE4  
                            u107 FFDC                              wreg 000FE8  
                           _LATA 000F89                             _LATB 000F8A  
                           _LATC 000F8B                             _LATD 000F8C  
                           _LATE 000F8D                             _WPUB 000F61  
                           _main FF34                             start 0000  
                   ___param_bank 000000   __size_of_OSCILLATOR_Initialize 000E  
                   main@anterior 0002    __end_of_OSCILLATOR_Initialize FEF4  
                          ?_main 0001                            _TRISA 000F92  
                          _TRISB 000F93                            _TRISC 000F94  
                          _TRISD 000F95                            _TRISE 000F96  
                          status 000FD8                  __initialization FED6  
                   __end_of_main 0000                           ??_main 0001  
                  __activetblptr 000000                           _ANSELA 000F38  
                         _ANSELB 000F39                           _ANSELC 000F3A  
                         _ANSELD 000F3B                           _ANSELE 000F3C  
                         _OSCCON 000FD3                _SYSTEM_Initialize FEDC  
                     __accesstop 0060          __end_of__initialization FED6  
             ?_SYSTEM_Initialize 0001                    ___rparam_used 000001  
                 __pcstackCOMRAM 0001              ??_SYSTEM_Initialize 0001  
      __end_of_SYSTEM_Initialize FEE6                          _OSCCON2 000FD2  
                        _OSCTUNE 000F9B                          __Hparam 0000  
                        __Lparam 0000                          __pcinit FED6  
                        __ramtop 1000                          __ptext0 FF34  
                        __ptext1 FEDC                          __ptext2 FEF4  
                        __ptext3 FEE6            _OSCILLATOR_Initialize FEE6  
       ??_PIN_MANAGER_Initialize 0001       __size_of_SYSTEM_Initialize 000A  
           end_of_initialization FED6                        _PORTBbits 000F81  
                     main@estado 0003           ?_OSCILLATOR_Initialize 0001  
            start_initialization FED6  __size_of_PIN_MANAGER_Initialize 0040  
         _PIN_MANAGER_Initialize FEF4                         _LATDbits 000F8C  
                    _INTCON2bits 000FF1                         __Hrparam 0000  
                       __Lrparam 0000          ??_OSCILLATOR_Initialize 0001  
                  __size_of_main 00CC                       _INTCONbits 000FF2  
        ?_PIN_MANAGER_Initialize 0001   __end_of_PIN_MANAGER_Initialize FF34  
